app/build/intermediates/manifest_merge_blame_file/release/manifest-merger-blame-release-report.txt
1<?xml version="1.0" encoding="utf-8"?>
2<!--
3    ================================================================
4    ANDROID MANIFEST — Lost & Found App
5    ================================================================
6    FIREBASE SETUP:
7    1. Place your google-services.json in the app/ directory.
8    2. Enable Firestore and Storage in the Firebase Console.
9    ================================================================
10-->
11<manifest xmlns:android="http://schemas.android.com/apk/res/android"
12    package="com.example.lostfound"
13    android:versionCode="1"
14    android:versionName="1.0" >
15
16    <uses-sdk
17        android:minSdkVersion="26"
18        android:targetSdkVersion="34" />
19
20    <!-- Internet for Firebase -->
21    <uses-permission android:name="android.permission.INTERNET" />
21-->src\main\AndroidManifest.xml:15:5-67
21-->src\main\AndroidManifest.xml:15:22-64
22
23    <!-- Camera for taking photos -->
24    <uses-permission android:name="android.permission.CAMERA" />
24-->src\main\AndroidManifest.xml:18:5-65
24-->src\main\AndroidManifest.xml:18:22-62
25
26    <uses-feature
26-->src\main\AndroidManifest.xml:19:5-85
27        android:name="android.hardware.camera"
27-->src\main\AndroidManifest.xml:19:19-57
28        android:required="false" />
28-->src\main\AndroidManifest.xml:19:58-82
29
30    <!-- Gallery access (Android 12 and below) -->
31    <uses-permission
31-->src\main\AndroidManifest.xml:22:5-23:38
32        android:name="android.permission.READ_EXTERNAL_STORAGE"
32-->src\main\AndroidManifest.xml:22:22-77
33        android:maxSdkVersion="32" />
33-->src\main\AndroidManifest.xml:23:9-35
34
35    <!-- Gallery access (Android 13+) -->
36    <uses-permission android:name="android.permission.READ_MEDIA_IMAGES" />
36-->src\main\AndroidManifest.xml:26:5-76
36-->src\main\AndroidManifest.xml:26:22-73
37
38    <!-- Phone call permission -->
39    <uses-permission android:name="android.permission.CALL_PHONE" />
39-->src\main\AndroidManifest.xml:29:5-69
39-->src\main\AndroidManifest.xml:29:22-66
40
41    <!-- Although the *SdkVersion is captured in gradle build files, this is required for non gradle builds -->
42    <!-- <uses-sdk android:minSdkVersion="14" /> -->
43    <uses-permission android:name="android.permission.ACCESS_NETWORK_STATE" />
43-->[com.google.firebase:firebase-firestore:24.10.1] AndroidManifest.xml:10:5-79
43-->[com.google.firebase:firebase-firestore:24.10.1] AndroidManifest.xml:10:22-76
44
45    <permission
45-->[androidx.core:core:1.12.0] AndroidManifest.xml:22:5-24:47
46        android:name="com.example.lostfound.DYNAMIC_RECEIVER_NOT_EXPORTED_PERMISSION"
46-->[androidx.core:core:1.12.0] AndroidManifest.xml:23:9-81
47        android:protectionLevel="signature" />
47-->[androidx.core:core:1.12.0] AndroidManifest.xml:24:9-44
48
49    <uses-permission android:name="com.example.lostfound.DYNAMIC_RECEIVER_NOT_EXPORTED_PERMISSION" />
49-->[androidx.core:core:1.12.0] AndroidManifest.xml:26:5-97
49-->[androidx.core:core:1.12.0] AndroidManifest.xml:26:22-94
50
51    <application
51-->src\main\AndroidManifest.xml:31:5-87:19
52        android:allowBackup="true"
52-->src\main\AndroidManifest.xml:32:9-35
53        android:appComponentFactory="androidx.core.app.CoreComponentFactory"
53-->[androidx.core:core:1.12.0] AndroidManifest.xml:28:18-86
54        android:extractNativeLibs="false"
55        android:icon="@mipmap/ic_launcher"
55-->src\main\AndroidManifest.xml:33:9-43
56        android:label="@string/app_name"
56-->src\main\AndroidManifest.xml:34:9-41
57        android:roundIcon="@mipmap/ic_launcher_round"
57-->src\main\AndroidManifest.xml:35:9-54
58        android:supportsRtl="true"
58-->src\main\AndroidManifest.xml:36:9-35
59        android:theme="@style/Theme.LostAndFound" >
59-->src\main\AndroidManifest.xml:37:9-50
60
61        <!-- Home Screen -->
62        <activity
62-->src\main\AndroidManifest.xml:41:9-49:20
63            android:name="com.example.lostfound.activities.MainActivity"
63-->src\main\AndroidManifest.xml:42:13-52
64            android:exported="true"
64-->src\main\AndroidManifest.xml:43:13-36
65            android:windowSoftInputMode="adjustPan" >
65-->src\main\AndroidManifest.xml:44:13-52
66            <intent-filter>
66-->src\main\AndroidManifest.xml:45:13-48:29
67                <action android:name="android.intent.action.MAIN" />
67-->src\main\AndroidManifest.xml:46:17-69
67-->src\main\AndroidManifest.xml:46:25-66
68
69                <category android:name="android.intent.category.LAUNCHER" />
69-->src\main\AndroidManifest.xml:47:17-77
69-->src\main\AndroidManifest.xml:47:27-74
70            </intent-filter>
71        </activity>
72
73        <!-- Report Lost Item -->
74        <activity
74-->src\main\AndroidManifest.xml:52:9-56:58
75            android:name="com.example.lostfound.activities.ReportLostActivity"
75-->src\main\AndroidManifest.xml:53:13-58
76            android:label="@string/report_lost_item"
76-->src\main\AndroidManifest.xml:54:13-53
77            android:parentActivityName="com.example.lostfound.activities.MainActivity"
77-->src\main\AndroidManifest.xml:55:13-66
78            android:windowSoftInputMode="adjustResize" />
78-->src\main\AndroidManifest.xml:56:13-55
79
80        <!-- Report Found Item -->
81        <activity
81-->src\main\AndroidManifest.xml:59:9-63:58
82            android:name="com.example.lostfound.activities.ReportFoundActivity"
82-->src\main\AndroidManifest.xml:60:13-59
83            android:label="@string/report_found_item"
83-->src\main\AndroidManifest.xml:61:13-54
84            android:parentActivityName="com.example.lostfound.activities.MainActivity"
84-->src\main\AndroidManifest.xml:62:13-66
85            android:windowSoftInputMode="adjustResize" />
85-->src\main\AndroidManifest.xml:63:13-55
86
87        <!-- Item Detail -->
88        <activity
88-->src\main\AndroidManifest.xml:66:9-69:69
89            android:name="com.example.lostfound.activities.ItemDetailActivity"
89-->src\main\AndroidManifest.xml:67:13-58
90            android:label="@string/item_details"
90-->src\main\AndroidManifest.xml:68:13-49
91            android:parentActivityName="com.example.lostfound.activities.MainActivity" />
91-->src\main\AndroidManifest.xml:69:13-66
92
93        <!-- Experimental Spotlight Demo -->
94        <activity
94-->src\main\AndroidManifest.xml:72:9-74:58
95            android:name="com.example.lostfound.activities.SpotlightDemoActivity"
95-->src\main\AndroidManifest.xml:73:13-61
96            android:label="Interactive Spotlight Demo" />
96-->src\main\AndroidManifest.xml:74:13-55
97
98        <!-- FileProvider for camera images -->
99        <provider
100            android:name="androidx.core.content.FileProvider"
100-->src\main\AndroidManifest.xml:78:13-62
101            android:authorities="com.example.lostfound.fileprovider"
101-->src\main\AndroidManifest.xml:79:13-64
102            android:exported="false"
102-->src\main\AndroidManifest.xml:80:13-37
103            android:grantUriPermissions="true" >
103-->src\main\AndroidManifest.xml:81:13-47
104            <meta-data
104-->src\main\AndroidManifest.xml:82:13-84:54
105                android:name="android.support.FILE_PROVIDER_PATHS"
105-->src\main\AndroidManifest.xml:83:17-67
106                android:resource="@xml/file_paths" />
106-->src\main\AndroidManifest.xml:84:17-51
107        </provider>
108
109        <service
109-->[com.google.firebase:firebase-firestore-ktx:24.10.1] AndroidManifest.xml:9:9-15:19
110            android:name="com.google.firebase.components.ComponentDiscoveryService"
110-->[com.google.firebase:firebase-firestore-ktx:24.10.1] AndroidManifest.xml:10:13-84
111            android:directBootAware="true"
111-->[com.google.firebase:firebase-common:20.4.2] AndroidManifest.xml:32:13-43
112            android:exported="false" >
112-->[com.google.firebase:firebase-firestore-ktx:24.10.1] AndroidManifest.xml:11:13-37
113            <meta-data
113-->[com.google.firebase:firebase-firestore-ktx:24.10.1] AndroidManifest.xml:12:13-14:85
114                android:name="com.google.firebase.components:com.google.firebase.firestore.ktx.FirebaseFirestoreLegacyRegistrar"
114-->[com.google.firebase:firebase-firestore-ktx:24.10.1] AndroidManifest.xml:13:17-129
115                android:value="com.google.firebase.components.ComponentRegistrar" />
115-->[com.google.firebase:firebase-firestore-ktx:24.10.1] AndroidManifest.xml:14:17-82
116            <meta-data
116-->[com.google.firebase:firebase-firestore:24.10.1] AndroidManifest.xml:17:13-19:85
117                android:name="com.google.firebase.components:com.google.firebase.firestore.FirebaseFirestoreKtxRegistrar"
117-->[com.google.firebase:firebase-firestore:24.10.1] AndroidManifest.xml:18:17-122
118                android:value="com.google.firebase.components.ComponentRegistrar" />
118-->[com.google.firebase:firebase-firestore:24.10.1] AndroidManifest.xml:19:17-82
119            <meta-data
119-->[com.google.firebase:firebase-firestore:24.10.1] AndroidManifest.xml:20:13-22:85
120                android:name="com.google.firebase.components:com.google.firebase.firestore.FirestoreRegistrar"
120-->[com.google.firebase:firebase-firestore:24.10.1] AndroidManifest.xml:21:17-111
121                android:value="com.google.firebase.components.ComponentRegistrar" />
121-->[com.google.firebase:firebase-firestore:24.10.1] AndroidManifest.xml:22:17-82
122            <meta-data
122-->[com.google.firebase:firebase-common-ktx:20.4.2] AndroidManifest.xml:12:13-14:85
123                android:name="com.google.firebase.components:com.google.firebase.ktx.FirebaseCommonLegacyRegistrar"
123-->[com.google.firebase:firebase-common-ktx:20.4.2] AndroidManifest.xml:13:17-116
124                android:value="com.google.firebase.components.ComponentRegistrar" />
124-->[com.google.firebase:firebase-common-ktx:20.4.2] AndroidManifest.xml:14:17-82
125            <meta-data
125-->[com.google.firebase:firebase-common:20.4.2] AndroidManifest.xml:35:13-37:85
126                android:name="com.google.firebase.components:com.google.firebase.FirebaseCommonKtxRegistrar"
126-->[com.google.firebase:firebase-common:20.4.2] AndroidManifest.xml:36:17-109
127                android:value="com.google.firebase.components.ComponentRegistrar" />
127-->[com.google.firebase:firebase-common:20.4.2] AndroidManifest.xml:37:17-82
128        </service>
129
130        <provider
130-->[com.google.firebase:firebase-common:20.4.2] AndroidManifest.xml:23:9-28:39
131            android:name="com.google.firebase.provider.FirebaseInitProvider"
131-->[com.google.firebase:firebase-common:20.4.2] AndroidManifest.xml:24:13-77
132            android:authorities="com.example.lostfound.firebaseinitprovider"
132-->[com.google.firebase:firebase-common:20.4.2] AndroidManifest.xml:25:13-72
133            android:directBootAware="true"
133-->[com.google.firebase:firebase-common:20.4.2] AndroidManifest.xml:26:13-43
134            android:exported="false"
134-->[com.google.firebase:firebase-common:20.4.2] AndroidManifest.xml:27:13-37
135            android:initOrder="100" />
135-->[com.google.firebase:firebase-common:20.4.2] AndroidManifest.xml:28:13-36
136        <provider
136-->[androidx.emoji2:emoji2:1.2.0] AndroidManifest.xml:24:9-32:20
137            android:name="androidx.startup.InitializationProvider"
137-->[androidx.emoji2:emoji2:1.2.0] AndroidManifest.xml:25:13-67
138            android:authorities="com.example.lostfound.androidx-startup"
138-->[androidx.emoji2:emoji2:1.2.0] AndroidManifest.xml:26:13-68
139            android:exported="false" >
139-->[androidx.emoji2:emoji2:1.2.0] AndroidManifest.xml:27:13-37
140            <meta-data
140-->[androidx.emoji2:emoji2:1.2.0] AndroidManifest.xml:29:13-31:52
141                android:name="androidx.emoji2.text.EmojiCompatInitializer"
141-->[androidx.emoji2:emoji2:1.2.0] AndroidManifest.xml:30:17-75
142                android:value="androidx.startup" />
142-->[androidx.emoji2:emoji2:1.2.0] AndroidManifest.xml:31:17-49
143            <meta-data
143-->[androidx.lifecycle:lifecycle-process:2.7.0] AndroidManifest.xml:29:13-31:52
144                android:name="androidx.lifecycle.ProcessLifecycleInitializer"
144-->[androidx.lifecycle:lifecycle-process:2.7.0] AndroidManifest.xml:30:17-78
145                android:value="androidx.startup" />
145-->[androidx.lifecycle:lifecycle-process:2.7.0] AndroidManifest.xml:31:17-49
146            <meta-data
146-->[androidx.profileinstaller:profileinstaller:1.3.0] AndroidManifest.xml:29:13-31:52
147                android:name="androidx.profileinstaller.ProfileInstallerInitializer"
147-->[androidx.profileinstaller:profileinstaller:1.3.0] AndroidManifest.xml:30:17-85
148                android:value="androidx.startup" />
148-->[androidx.profileinstaller:profileinstaller:1.3.0] AndroidManifest.xml:31:17-49
149        </provider>
150
151        <activity
151-->[com.google.android.gms:play-services-base:18.0.1] AndroidManifest.xml:20:9-22:45
152            android:name="com.google.android.gms.common.api.GoogleApiActivity"
152-->[com.google.android.gms:play-services-base:18.0.1] AndroidManifest.xml:20:19-85
153            android:exported="false"
153-->[com.google.android.gms:play-services-base:18.0.1] AndroidManifest.xml:22:19-43
154            android:theme="@android:style/Theme.Translucent.NoTitleBar" />
154-->[com.google.android.gms:play-services-base:18.0.1] AndroidManifest.xml:21:19-78
155
156        <meta-data
156-->[com.google.android.gms:play-services-basement:18.1.0] AndroidManifest.xml:21:9-23:69
157            android:name="com.google.android.gms.version"
157-->[com.google.android.gms:play-services-basement:18.1.0] AndroidManifest.xml:22:13-58
158            android:value="@integer/google_play_services_version" />
158-->[com.google.android.gms:play-services-basement:18.1.0] AndroidManifest.xml:23:13-66
159
160        <receiver
160-->[androidx.profileinstaller:profileinstaller:1.3.0] AndroidManifest.xml:34:9-52:20
161            android:name="androidx.profileinstaller.ProfileInstallReceiver"
161-->[androidx.profileinstaller:profileinstaller:1.3.0] AndroidManifest.xml:35:13-76
162            android:directBootAware="false"
162-->[androidx.profileinstaller:profileinstaller:1.3.0] AndroidManifest.xml:36:13-44
163            android:enabled="true"
163-->[androidx.profileinstaller:profileinstaller:1.3.0] AndroidManifest.xml:37:13-35
164            android:exported="true"
164-->[androidx.profileinstaller:profileinstaller:1.3.0] AndroidManifest.xml:38:13-36
165            android:permission="android.permission.DUMP" >
165-->[androidx.profileinstaller:profileinstaller:1.3.0] AndroidManifest.xml:39:13-57
166            <intent-filter>
166-->[androidx.profileinstaller:profileinstaller:1.3.0] AndroidManifest.xml:40:13-42:29
167                <action android:name="androidx.profileinstaller.action.INSTALL_PROFILE" />
167-->[androidx.profileinstaller:profileinstaller:1.3.0] AndroidManifest.xml:41:17-91
167-->[androidx.profileinstaller:profileinstaller:1.3.0] AndroidManifest.xml:41:25-88
168            </intent-filter>
169            <intent-filter>
169-->[androidx.profileinstaller:profileinstaller:1.3.0] AndroidManifest.xml:43:13-45:29
170                <action android:name="androidx.profileinstaller.action.SKIP_FILE" />
170-->[androidx.profileinstaller:profileinstaller:1.3.0] AndroidManifest.xml:44:17-85
170-->[androidx.profileinstaller:profileinstaller:1.3.0] AndroidManifest.xml:44:25-82
171            </intent-filter>
172            <intent-filter>
172-->[androidx.profileinstaller:profileinstaller:1.3.0] AndroidManifest.xml:46:13-48:29
173                <action android:name="androidx.profileinstaller.action.SAVE_PROFILE" />
173-->[androidx.profileinstaller:profileinstaller:1.3.0] AndroidManifest.xml:47:17-88
173-->[androidx.profileinstaller:profileinstaller:1.3.0] AndroidManifest.xml:47:25-85
174            </intent-filter>
175            <intent-filter>
175-->[androidx.profileinstaller:profileinstaller:1.3.0] AndroidManifest.xml:49:13-51:29
176                <action android:name="androidx.profileinstaller.action.BENCHMARK_OPERATION" />
176-->[androidx.profileinstaller:profileinstaller:1.3.0] AndroidManifest.xml:50:17-95
176-->[androidx.profileinstaller:profileinstaller:1.3.0] AndroidManifest.xml:50:25-92
177            </intent-filter>
178        </receiver>
179    </application>
180
181</manifest>